

*******************************************************************************
Wed Oct 14 18:20:33 2015


FIT:    data read from 'Ocurrencia.dat'
        format = z
        #datapoints = 100
        residuals are weighted equally (unit weight)

function used for fitting: g(x)
fitted parameters initialized with current variable values



 Iteration 0
 WSSR        : 3.28449e+11       delta(WSSR)/WSSR   : 0
 delta(WSSR) : 0                 limit for stopping : 1e-05
 lambda	  : 57310.5

initial set of free parameter values

a               = 1

After 5 iterations the fit converged.
final sum of squares of residuals : 1.72697e-08
rel. change during last iteration : -1.34114e-15

degrees of freedom    (FIT_NDF)                        : 99
rms of residuals      (FIT_STDFIT) = sqrt(WSSR/ndf)    : 1.32076e-05
variance of residuals (reduced chisquare) = WSSR/ndf   : 1.74442e-10

Final set of parameters            Asymptotic Standard Error
=======================            ==========================

a               = 1.22209e-08      +/- 2.305e-11    (0.1886%)


correlation matrix of the fit parameters:

               a      
a               1.000 


*******************************************************************************
Wed Oct 14 18:45:52 2015


FIT:    data read from 'Ocurrencia.dat'
        format = z
        #datapoints = 100
        residuals are weighted equally (unit weight)

function used for fitting: f(x)
fitted parameters initialized with current variable values



 Iteration 0
 WSSR        : 3.28449e+11       delta(WSSR)/WSSR   : 0
 delta(WSSR) : 0                 limit for stopping : 1e-05
 lambda	  : 57310.5

initial set of free parameter values

a               = 1

After 5 iterations the fit converged.
final sum of squares of residuals : 1.72697e-08
rel. change during last iteration : -1.34114e-15

degrees of freedom    (FIT_NDF)                        : 99
rms of residuals      (FIT_STDFIT) = sqrt(WSSR/ndf)    : 1.32076e-05
variance of residuals (reduced chisquare) = WSSR/ndf   : 1.74442e-10

Final set of parameters            Asymptotic Standard Error
=======================            ==========================

a               = 1.22209e-08      +/- 2.305e-11    (0.1886%)


correlation matrix of the fit parameters:

               a      
a               1.000 


*******************************************************************************
Thu Oct 15 14:07:48 2015


FIT:    data read from 'Ocurrencia.dat'
        format = z
        #datapoints = 100
        residuals are weighted equally (unit weight)

function used for fitting: f(x)
fitted parameters initialized with current variable values



 Iteration 0
 WSSR        : 3.28459e+11       delta(WSSR)/WSSR   : 0
 delta(WSSR) : 0                 limit for stopping : 1e-05
 lambda	  : 40524.6

initial set of free parameter values

a               = 1
b               = 1

After 9 iterations the fit converged.
final sum of squares of residuals : 1.71774e-08
rel. change during last iteration : -5.77861e-16

degrees of freedom    (FIT_NDF)                        : 98
rms of residuals      (FIT_STDFIT) = sqrt(WSSR/ndf)    : 1.32393e-05
variance of residuals (reduced chisquare) = WSSR/ndf   : 1.7528e-10

Final set of parameters            Asymptotic Standard Error
=======================            ==========================

a               = 1.21922e-08      +/- 4.586e-11    (0.3762%)
b               = 1.90744e-06      +/- 2.629e-06    (137.8%)


correlation matrix of the fit parameters:

               a      b      
a               1.000 
b              -0.864  1.000 
